<?xml version="1.0" encoding="UTF-8"?>
<!-- Generated by org.testng.reporters.JUnitReportReporter -->
<testsuite hostname="Chinmayi" failures="0" tests="5" name="testng_basics.Workingwith_multiple_dataprovider" time="0.070" errors="0" timestamp="2022-11-11T16:06:15 IST" skipped="0">
  <testcase classname="testng_basics.Workingwith_multiple_dataprovider" name="testdatademo" time="0.016"/>
  <system-out/>
  <testcase classname="testng_basics.Workingwith_multiple_dataprovider" name="testdatademo" time="0.003"/>
  <system-out/>
  <testcase classname="testng_basics.Workingwith_multiple_dataprovider" name="testdatademo" time="0.013"/>
  <system-out/>
  <testcase classname="testng_basics.Workingwith_multiple_dataprovider" name="testdatademo" time="0.015"/>
  <system-out/>
  <testcase classname="testng_basics.Workingwith_multiple_dataprovider" name="testdatademo" time="0.023"/>
  <system-out/>
</testsuite> <!-- testng_basics.Workingwith_multiple_dataprovider -->
