<?xml version="1.0" encoding="UTF-8"?>
<!-- Generated by org.testng.reporters.JUnitReportReporter -->
<testsuite hostname="Chinmayi" failures="0" tests="6" name="testcase.Register_TC" time="20.337" errors="0" timestamp="2022-11-16T18:13:19 IST" skipped="0">
  <testcase classname="testcase.Register_TC" name="register" time="3.480"/>
  <system-out/>
  <testcase classname="testcase.Register_TC" name="register" time="3.406"/>
  <system-out/>
  <testcase classname="testcase.Register_TC" name="register" time="3.403"/>
  <system-out/>
  <testcase classname="testcase.Register_TC" name="register" time="3.316"/>
  <system-out/>
  <testcase classname="testcase.Register_TC" name="register" time="3.516"/>
  <system-out/>
  <testcase classname="testcase.Register_TC" name="register" time="3.216"/>
  <system-out/>
</testsuite> <!-- testcase.Register_TC -->
