<?xml version="1.0" encoding="UTF-8"?>
<!-- Generated by org.testng.reporters.JUnitReportReporter -->
<testsuite hostname="Chinmayi" failures="0" tests="2" name="testng_basics.Workingwith_smokesuite" time="0.029" errors="0" timestamp="2022-11-10T16:29:23 IST" skipped="0">
  <testcase classname="testng_basics.Workingwith_smokesuite" name="register" time="0.025"/>
  <system-out/>
  <testcase classname="testng_basics.Workingwith_smokesuite" name="login" time="0.004"/>
  <system-out/>
</testsuite> <!-- testng_basics.Workingwith_smokesuite -->
