<?xml version="1.0" encoding="UTF-8"?>
<!-- Generated by org.testng.reporters.JUnitReportReporter -->
<testsuite hostname="Chinmayi" failures="0" tests="1" name="testcase.Login_TC" time="3.837" errors="0" timestamp="2022-11-17T01:24:00 IST" skipped="0">
  <testcase classname="testcase.Login_TC" name="login" time="3.837"/>
  <system-out/>
</testsuite> <!-- testcase.Login_TC -->
