<?xml version="1.0" encoding="UTF-8"?>
<!-- Generated by org.testng.reporters.JUnitReportReporter -->
<testsuite hostname="Chinmayi" failures="0" tests="5" name="testng_basics.Workingwith_multipletest" time="0.047" errors="0" timestamp="2022-11-09T12:26:54 IST" skipped="0">
  <testcase classname="testng_basics.Workingwith_multipletest" name="bangarpet" time="0.018"/>
  <system-out/>
  <testcase classname="testng_basics.Workingwith_multipletest" name="bookshop" time="0.005"/>
  <system-out/>
  <testcase classname="testng_basics.Workingwith_multipletest" name="wineshop" time="0.002"/>
  <system-out/>
  <testcase classname="testng_basics.Workingwith_multipletest" name="cultfit" time="0.002"/>
  <system-out/>
  <testcase classname="testng_basics.Workingwith_multipletest" name="magnus" time="0.020"/>
  <system-out/>
</testsuite> <!-- testng_basics.Workingwith_multipletest -->
