<?xml version="1.0" encoding="UTF-8"?>
<!-- Generated by org.testng.reporters.JUnitReportReporter -->
<testsuite hostname="Chinmayi" failures="0" tests="5" name="testng_basics.Dataproviders_register" time="57.114" errors="0" timestamp="2022-11-11T17:58:48 IST" skipped="0">
  <testcase classname="testng_basics.Dataproviders_register" name="testdata" time="9.245"/>
  <system-out/>
  <testcase classname="testng_basics.Dataproviders_register" name="testdata" time="11.870"/>
  <system-out/>
  <testcase classname="testng_basics.Dataproviders_register" name="testdata" time="11.830"/>
  <system-out/>
  <testcase classname="testng_basics.Dataproviders_register" name="testdata" time="12.494"/>
  <system-out/>
  <testcase classname="testng_basics.Dataproviders_register" name="testdata" time="11.675"/>
  <system-out/>
</testsuite> <!-- testng_basics.Dataproviders_register -->
