<?xml version="1.0" encoding="UTF-8"?>
<!-- Generated by org.testng.reporters.JUnitReportReporter -->
<testsuite hostname="Chinmayi" failures="0" tests="1" name="testng_basics.Workingwith_parallel2" time="95.962" errors="0" timestamp="2022-11-11T12:40:36 IST" skipped="0">
  <testcase classname="testng_basics.Workingwith_parallel2" name="paralleldemo1" time="95.962"/>
  <system-out/>
</testsuite> <!-- testng_basics.Workingwith_parallel2 -->
