<?xml version="1.0" encoding="UTF-8"?>
<!-- Generated by org.testng.reporters.JUnitReportReporter -->
<testsuite hostname="Chinmayi" failures="0" tests="1" name="testng_basics.Working_with_basics1" time="19.536" errors="0" timestamp="2022-11-08T13:01:40 IST" skipped="0">
  <testcase classname="testng_basics.Working_with_basics1" name="demo" time="19.536"/>
  <system-out/>
</testsuite> <!-- testng_basics.Working_with_basics1 -->
