<?xml version="1.0" encoding="UTF-8"?>
<!-- Generated by org.testng.reporters.JUnitReportReporter -->
<testsuite hostname="Chinmayi" failures="0" tests="1" name="testng_basics.Workingwith_parallelexecution3" time="91.661" errors="0" timestamp="2022-11-11T12:40:36 IST" skipped="0">
  <testcase classname="testng_basics.Workingwith_parallelexecution3" name="paralleldemo2" time="91.661"/>
  <system-out/>
</testsuite> <!-- testng_basics.Workingwith_parallelexecution3 -->
