<?xml version="1.0" encoding="UTF-8"?>
<!-- Generated by org.testng.reporters.JUnitReportReporter -->
<testsuite hostname="Chinmayi" failures="0" tests="5" name="testng_basics.Workinwith_Priority" time="0.034" errors="0" timestamp="2022-11-10T11:20:25 IST" skipped="0">
  <testcase classname="testng_basics.Workinwith_Priority" name="register" time="0.023"/>
  <system-out/>
  <testcase classname="testng_basics.Workinwith_Priority" name="login" time="0.003"/>
  <system-out/>
  <testcase classname="testng_basics.Workinwith_Priority" name="search" time="0.002"/>
  <system-out/>
  <testcase classname="testng_basics.Workinwith_Priority" name="wishlist" time="0.004"/>
  <system-out/>
  <testcase classname="testng_basics.Workinwith_Priority" name="logout" time="0.002"/>
  <system-out/>
</testsuite> <!-- testng_basics.Workinwith_Priority -->
