<?xml version="1.0" encoding="UTF-8"?>
<!-- Generated by org.testng.reporters.JUnitReportReporter -->
<testsuite hostname="Chinmayi" failures="0" tests="1" name="testcase.testng_Mousehover" time="1.163" errors="0" timestamp="2022-11-15T12:24:29 IST" skipped="0">
  <testcase classname="testcase.testng_Mousehover" name="advancedSearch" time="1.163"/>
  <system-out/>
</testsuite> <!-- testcase.testng_Mousehover -->
