<?xml version="1.0" encoding="UTF-8"?>
<!-- Generated by org.testng.reporters.JUnitReportReporter -->
<testsuite hostname="Chinmayi" failures="0" tests="5" name="testng_basics.Assignment_Advanced_search" time="86.658" errors="0" timestamp="2022-11-14T10:32:13 IST" skipped="0">
  <testcase classname="testng_basics.Assignment_Advanced_search" name="testdata" time="23.139"/>
  <system-out/>
  <testcase classname="testng_basics.Assignment_Advanced_search" name="testdata" time="17.137"/>
  <system-out/>
  <testcase classname="testng_basics.Assignment_Advanced_search" name="testdata" time="17.713"/>
  <system-out/>
  <testcase classname="testng_basics.Assignment_Advanced_search" name="testdata" time="14.102"/>
  <system-out/>
  <testcase classname="testng_basics.Assignment_Advanced_search" name="testdata" time="14.567"/>
  <system-out/>
</testsuite> <!-- testng_basics.Assignment_Advanced_search -->
