<?xml version="1.0" encoding="UTF-8"?>
<!-- Generated by org.testng.reporters.JUnitReportReporter -->
<testsuite hostname="Chinmayi" failures="0" tests="5" name="testng_basics.assignment_login$Dataproviders_register" time="61.958" errors="0" timestamp="2022-11-14T10:09:48 IST" skipped="0">
  <testcase classname="testng_basics.assignment_login$Dataproviders_register" name="testdata" time="10.832"/>
  <system-out/>
  <testcase classname="testng_basics.assignment_login$Dataproviders_register" name="testdata" time="12.564"/>
  <system-out/>
  <testcase classname="testng_basics.assignment_login$Dataproviders_register" name="testdata" time="15.549"/>
  <system-out/>
  <testcase classname="testng_basics.assignment_login$Dataproviders_register" name="testdata" time="11.215"/>
  <system-out/>
  <testcase classname="testng_basics.assignment_login$Dataproviders_register" name="testdata" time="11.798"/>
  <system-out/>
</testsuite> <!-- testng_basics.assignment_login$Dataproviders_register -->
