<?xml version="1.0" encoding="UTF-8"?>
<!-- Generated by org.testng.reporters.JUnitReportReporter -->
<testsuite hostname="Chinmayi" failures="0" tests="3" name="Assignments.Google_demo" time="24.490" errors="0" timestamp="2022-11-17T01:42:20 IST" skipped="0">
  <testcase classname="Assignments.Google_demo" name="Google_search" time="11.172"/>
  <system-out/>
  <testcase classname="Assignments.Google_demo" name="Google_search" time="10.014"/>
  <system-out/>
  <testcase classname="Assignments.Google_demo" name="Google_search" time="3.304"/>
  <system-out/>
</testsuite> <!-- Assignments.Google_demo -->
