<?xml version="1.0" encoding="UTF-8"?>
<!-- Generated by org.testng.reporters.JUnitReportReporter -->
<testsuite hostname="Chinmayi" failures="0" tests="1" name="testng_basics.Workingwith_Paframeters" time="11.527" errors="0" timestamp="2022-11-11T13:13:00 IST" skipped="0">
  <testcase classname="testng_basics.Workingwith_Paframeters" name="paralleldemo1" time="11.527"/>
  <system-out/>
</testsuite> <!-- testng_basics.Workingwith_Paframeters -->
