<?xml version="1.0" encoding="UTF-8"?>
<!-- Generated by org.testng.reporters.JUnitReportReporter -->
<testsuite hostname="Chinmayi" failures="0" tests="1" name="testng_basics.Working_With_Excel" time="1.419" errors="0" timestamp="2022-11-17T01:46:40 IST" skipped="0">
  <testcase classname="testng_basics.Working_With_Excel" name="exceldemo" time="1.419"/>
  <system-out/>
</testsuite> <!-- testng_basics.Working_With_Excel -->
