<?xml version="1.0" encoding="UTF-8"?>
<!-- Generated by org.testng.reporters.JUnitReportReporter -->
<testsuite hostname="Chinmayi" failures="0" tests="1" name="POM_DemoWebshop.Jwelery_TC09" time="35.452" errors="0" timestamp="2022-11-21T18:15:39 IST" skipped="0">
  <testcase classname="POM_DemoWebshop.Jwelery_TC09" name="jewelry" time="35.452"/>
  <system-out/>
</testsuite> <!-- POM_DemoWebshop.Jwelery_TC09 -->
