<?xml version="1.0" encoding="UTF-8"?>
<!-- Generated by org.testng.reporters.JUnitReportReporter -->
<testsuite hostname="Chinmayi" failures="0" tests="2" name="testcase.Advanced_Search" time="6.579" errors="0" timestamp="2022-11-17T00:30:32 IST" skipped="0">
  <testcase classname="testcase.Advanced_Search" name="advancedSearch" time="3.943"/>
  <system-out/>
  <testcase classname="testcase.Advanced_Search" name="advancedSearch" time="2.636"/>
  <system-out/>
</testsuite> <!-- testcase.Advanced_Search -->
