<?xml version="1.0" encoding="UTF-8"?>
<!-- Generated by org.testng.reporters.JUnitReportReporter -->
<testsuite hostname="Chinmayi" failures="0" tests="1" name="DM_TestCase.Register_TC01" time="4.037" errors="0" timestamp="2022-11-22T11:58:57 IST" skipped="0">
  <testcase classname="DM_TestCase.Register_TC01" name="To_Register" time="4.037"/>
  <system-out/>
</testsuite> <!-- DM_TestCase.Register_TC01 -->
