<?xml version="1.0" encoding="UTF-8"?>
<!-- Generated by org.testng.reporters.JUnitReportReporter -->
<testsuite hostname="Chinmayi" failures="0" tests="1" name="DM_TestCase.DW_vote_TC" time="0.504" errors="0" timestamp="2022-11-22T11:58:57 IST" skipped="0">
  <testcase classname="DM_TestCase.DW_vote_TC" name="To_Vote" time="0.504"/>
  <system-out/>
</testsuite> <!-- DM_TestCase.DW_vote_TC -->
