<?xml version="1.0" encoding="UTF-8"?>
<!-- Generated by org.testng.reporters.JUnitReportReporter -->
<testsuite hostname="Chinmayi" failures="0" tests="2" name="testng_basics.Workingwith_differentAnnotations" time="0.024" errors="0" timestamp="2022-11-09T13:00:52 IST" skipped="0">
  <testcase classname="testng_basics.Workingwith_differentAnnotations" name="vegetableshop" time="0.008"/>
  <system-out/>
  <testcase classname="testng_basics.Workingwith_differentAnnotations" name="medicalshop" time="0.016"/>
  <system-out/>
</testsuite> <!-- testng_basics.Workingwith_differentAnnotations -->
