<?xml version="1.0" encoding="UTF-8"?>
<!-- Generated by org.testng.reporters.JUnitReportReporter -->
<testsuite hostname="Chinmayi" failures="0" tests="1" name="testng_basics.Working_reg" time="3.211" errors="0" timestamp="2022-11-16T16:08:40 IST" skipped="0">
  <testcase classname="testng_basics.Working_reg" name="login" time="3.211"/>
  <system-out/>
</testsuite> <!-- testng_basics.Working_reg -->
