<?xml version="1.0" encoding="UTF-8"?>
<!-- Generated by org.testng.reporters.JUnitReportReporter -->
<testsuite hostname="Chinmayi" failures="0" tests="4" name="testng_basics.Workingwith_include" time="0.087" errors="0" timestamp="2022-11-10T12:38:27 IST" skipped="0">
  <testcase classname="testng_basics.Workingwith_include" name="login" time="0.040"/>
  <system-out/>
  <testcase classname="testng_basics.Workingwith_include" name="register" time="0.004"/>
  <system-out/>
  <testcase classname="testng_basics.Workingwith_include" name="search" time="0.008"/>
  <system-out/>
  <testcase classname="testng_basics.Workingwith_include" name="logout" time="0.035"/>
  <system-out/>
</testsuite> <!-- testng_basics.Workingwith_include -->
