<?xml version="1.0" encoding="UTF-8"?>
<!-- Generated by org.testng.reporters.JUnitReportReporter -->
<testsuite hostname="Chinmayi" failures="0" tests="1" name="testng_basics.Workingwith_Propertyfile" time="0.025" errors="0" timestamp="2022-11-15T13:07:11 IST" skipped="0">
  <testcase classname="testng_basics.Workingwith_Propertyfile" name="propertydemo" time="0.025"/>
  <system-out/>
</testsuite> <!-- testng_basics.Workingwith_Propertyfile -->
