<?xml version="1.0" encoding="UTF-8"?>
<!-- Generated by org.testng.reporters.JUnitReportReporter -->
<testsuite hostname="Chinmayi" failures="0" tests="5" name="testng_basics.Workingwith_ExecutionOrder" time="0.062" errors="0" timestamp="2022-11-10T11:27:55 IST" skipped="0">
  <testcase classname="testng_basics.Workingwith_ExecutionOrder" name="logout" time="0.010"/>
  <system-out/>
  <testcase classname="testng_basics.Workingwith_ExecutionOrder" name="search" time="0.007"/>
  <system-out/>
  <testcase classname="testng_basics.Workingwith_ExecutionOrder" name="register" time="0.028"/>
  <system-out/>
  <testcase classname="testng_basics.Workingwith_ExecutionOrder" name="login" time="0.006"/>
  <system-out/>
  <testcase classname="testng_basics.Workingwith_ExecutionOrder" name="wishlist" time="0.011"/>
  <system-out/>
</testsuite> <!-- testng_basics.Workingwith_ExecutionOrder -->
