<?xml version="1.0" encoding="UTF-8"?>
<!-- Generated by org.testng.reporters.JUnitReportReporter -->
<testsuite hostname="Chinmayi" failures="0" tests="1" name="DM_TestCase.DWS_go_viewAllPage" time="1.226" errors="0" timestamp="2022-11-22T11:58:57 IST" skipped="0">
  <testcase classname="DM_TestCase.DWS_go_viewAllPage" name="viewAll" time="1.226"/>
  <system-out/>
</testsuite> <!-- DM_TestCase.DWS_go_viewAllPage -->
