<?xml version="1.0" encoding="UTF-8"?>
<!-- Generated by org.testng.reporters.JUnitReportReporter -->
<testsuite hostname="Chinmayi" failures="0" tests="5" name="testng_basics.Assign_search$Dataproviders_search" time="59.401" errors="0" timestamp="2022-11-14T10:17:37 IST" skipped="0">
  <testcase classname="testng_basics.Assign_search$Dataproviders_search" name="testdata" time="15.240"/>
  <system-out/>
  <testcase classname="testng_basics.Assign_search$Dataproviders_search" name="testdata" time="9.686"/>
  <system-out/>
  <testcase classname="testng_basics.Assign_search$Dataproviders_search" name="testdata" time="10.558"/>
  <system-out/>
  <testcase classname="testng_basics.Assign_search$Dataproviders_search" name="testdata" time="9.196"/>
  <system-out/>
  <testcase classname="testng_basics.Assign_search$Dataproviders_search" name="testdata" time="14.721"/>
  <system-out/>
</testsuite> <!-- testng_basics.Assign_search$Dataproviders_search -->
