<?xml version="1.0" encoding="UTF-8"?>
<!-- Generated by org.testng.reporters.JUnitReportReporter -->
<testsuite hostname="Chinmayi" failures="0" tests="3" name="testcase.Search_TC" time="4.994" errors="0" timestamp="2022-11-17T01:24:55 IST" skipped="0">
  <testcase classname="testcase.Search_TC" name="search" time="1.429"/>
  <system-out/>
  <testcase classname="testcase.Search_TC" name="search" time="2.075"/>
  <system-out/>
  <testcase classname="testcase.Search_TC" name="search" time="1.490"/>
  <system-out/>
</testsuite> <!-- testcase.Search_TC -->
