<?xml version="1.0" encoding="UTF-8"?>
<!-- Generated by org.testng.reporters.JUnitReportReporter -->
<testsuite hostname="Chinmayi" failures="0" tests="3" name="testng_basics.Workingwith_parallelExecution" time="42.361" errors="0" timestamp="2022-11-11T11:54:18 IST" skipped="0">
  <testcase classname="testng_basics.Workingwith_parallelExecution" name="paralleldemo" time="9.390"/>
  <system-out/>
  <testcase classname="testng_basics.Workingwith_parallelExecution" name="paralleldemo" time="16.452"/>
  <system-out/>
  <testcase classname="testng_basics.Workingwith_parallelExecution" name="paralleldemo" time="16.519"/>
  <system-out/>
</testsuite> <!-- testng_basics.Workingwith_parallelExecution -->
