<?xml version="1.0" encoding="UTF-8"?>
<!-- Generated by org.testng.reporters.JUnitReportReporter -->
<testsuite hostname="Chinmayi" failures="0" tests="1" name="testng_basics.workingwith_dataprovider" time="0.017" errors="0" timestamp="2022-11-11T15:24:03 IST" skipped="0">
  <testcase classname="testng_basics.workingwith_dataprovider" name="testdatademo" time="0.017"/>
  <system-out/>
</testsuite> <!-- testng_basics.workingwith_dataprovider -->
